{"C:\\Users\\jean-\\Documents\\guillaumedoss\\efrei\\scolarité\\2ndann\\3ndann\\M2\\MicroFrontend\\groupMFE\\mfe-hacker\\src\\services\\commandParser.js": {"path":"C:\\Users\\jean-\\Documents\\guillaumedoss\\efrei\\scolarité\\2ndann\\3ndann\\M2\\MicroFrontend\\groupMFE\\mfe-hacker\\src\\services\\commandParser.js","statementMap":{"0":{"start":{"line":2,"column":14},"end":{"line":2,"column":40}},"1":{"start":{"line":4,"column":2},"end":{"line":68,"column":3}},"2":{"start":{"line":6,"column":6},"end":{"line":10,"column":8}},"3":{"start":{"line":13,"column":6},"end":{"line":17,"column":8}},"4":{"start":{"line":20,"column":6},"end":{"line":24,"column":8}},"5":{"start":{"line":27,"column":6},"end":{"line":31,"column":8}},"6":{"start":{"line":34,"column":6},"end":{"line":38,"column":8}},"7":{"start":{"line":41,"column":6},"end":{"line":45,"column":8}},"8":{"start":{"line":48,"column":6},"end":{"line":52,"column":8}},"9":{"start":{"line":55,"column":6},"end":{"line":60,"column":8}},"10":{"start":{"line":63,"column":6},"end":{"line":67,"column":8}}},"fnMap":{"0":{"name":"parseCommand","decl":{"start":{"line":1,"column":16},"end":{"line":1,"column":28}},"loc":{"start":{"line":1,"column":36},"end":{"line":69,"column":1}},"line":1}},"branchMap":{"0":{"loc":{"start":{"line":4,"column":2},"end":{"line":68,"column":3}},"type":"switch","locations":[{"start":{"line":5,"column":4},"end":{"line":10,"column":8}},{"start":{"line":12,"column":4},"end":{"line":17,"column":8}},{"start":{"line":19,"column":4},"end":{"line":24,"column":8}},{"start":{"line":26,"column":4},"end":{"line":31,"column":8}},{"start":{"line":33,"column":4},"end":{"line":38,"column":8}},{"start":{"line":40,"column":4},"end":{"line":45,"column":8}},{"start":{"line":47,"column":4},"end":{"line":52,"column":8}},{"start":{"line":54,"column":4},"end":{"line":60,"column":8}},{"start":{"line":62,"column":4},"end":{"line":67,"column":8}}],"line":4}},"s":{"0":42,"1":42,"2":5,"3":5,"4":5,"5":5,"6":5,"7":5,"8":5,"9":2,"10":5},"f":{"0":42},"b":{"0":[5,5,5,5,5,5,5,2,5]},"_coverageSchema":"1a1c01bbd47fc00a2c39e90264f33305004495a9","hash":"ae2067348e69509465d86741824e51e8e2b6215b"}
,"C:\\Users\\jean-\\Documents\\guillaumedoss\\efrei\\scolarité\\2ndann\\3ndann\\M2\\MicroFrontend\\groupMFE\\mfe-hacker\\src\\shared\\eventBus.js": {"path":"C:\\Users\\jean-\\Documents\\guillaumedoss\\efrei\\scolarité\\2ndann\\3ndann\\M2\\MicroFrontend\\groupMFE\\mfe-hacker\\src\\shared\\eventBus.js","statementMap":{"0":{"start":{"line":21,"column":4},"end":{"line":21,"column":24}},"1":{"start":{"line":31,"column":4},"end":{"line":33,"column":5}},"2":{"start":{"line":32,"column":6},"end":{"line":32,"column":33}},"3":{"start":{"line":34,"column":4},"end":{"line":34,"column":41}},"4":{"start":{"line":37,"column":4},"end":{"line":37,"column":43}},"5":{"start":{"line":37,"column":17},"end":{"line":37,"column":42}},"6":{"start":{"line":46,"column":4},"end":{"line":46,"column":39}},"7":{"start":{"line":46,"column":32},"end":{"line":46,"column":39}},"8":{"start":{"line":47,"column":4},"end":{"line":47,"column":80}},"9":{"start":{"line":47,"column":63},"end":{"line":47,"column":78}},"10":{"start":{"line":56,"column":4},"end":{"line":56,"column":39}},"11":{"start":{"line":56,"column":32},"end":{"line":56,"column":39}},"12":{"start":{"line":59,"column":4},"end":{"line":59,"column":45}},"13":{"start":{"line":61,"column":4},"end":{"line":67,"column":7}},"14":{"start":{"line":62,"column":6},"end":{"line":66,"column":7}},"15":{"start":{"line":63,"column":8},"end":{"line":63,"column":23}},"16":{"start":{"line":65,"column":8},"end":{"line":65,"column":75}},"17":{"start":{"line":76,"column":20},"end":{"line":79,"column":5}},"18":{"start":{"line":77,"column":6},"end":{"line":77,"column":21}},"19":{"start":{"line":78,"column":6},"end":{"line":78,"column":31}},"20":{"start":{"line":80,"column":4},"end":{"line":80,"column":28}},"21":{"start":{"line":85,"column":0},"end":{"line":87,"column":1}},"22":{"start":{"line":86,"column":2},"end":{"line":86,"column":40}}},"fnMap":{"0":{"name":"(anonymous_0)","decl":{"start":{"line":20,"column":2},"end":{"line":20,"column":3}},"loc":{"start":{"line":20,"column":16},"end":{"line":22,"column":3}},"line":20},"1":{"name":"(anonymous_1)","decl":{"start":{"line":30,"column":2},"end":{"line":30,"column":3}},"loc":{"start":{"line":30,"column":22},"end":{"line":38,"column":3}},"line":30},"2":{"name":"(anonymous_2)","decl":{"start":{"line":37,"column":11},"end":{"line":37,"column":12}},"loc":{"start":{"line":37,"column":17},"end":{"line":37,"column":42}},"line":37},"3":{"name":"(anonymous_3)","decl":{"start":{"line":45,"column":2},"end":{"line":45,"column":3}},"loc":{"start":{"line":45,"column":23},"end":{"line":48,"column":3}},"line":45},"4":{"name":"(anonymous_4)","decl":{"start":{"line":47,"column":57},"end":{"line":47,"column":58}},"loc":{"start":{"line":47,"column":63},"end":{"line":47,"column":78}},"line":47},"5":{"name":"(anonymous_5)","decl":{"start":{"line":55,"column":2},"end":{"line":55,"column":3}},"loc":{"start":{"line":55,"column":20},"end":{"line":68,"column":3}},"line":55},"6":{"name":"(anonymous_6)","decl":{"start":{"line":61,"column":34},"end":{"line":61,"column":35}},"loc":{"start":{"line":61,"column":46},"end":{"line":67,"column":5}},"line":61},"7":{"name":"(anonymous_7)","decl":{"start":{"line":75,"column":2},"end":{"line":75,"column":3}},"loc":{"start":{"line":75,"column":24},"end":{"line":81,"column":3}},"line":75},"8":{"name":"(anonymous_8)","decl":{"start":{"line":76,"column":20},"end":{"line":76,"column":21}},"loc":{"start":{"line":76,"column":30},"end":{"line":79,"column":5}},"line":76}},"branchMap":{"0":{"loc":{"start":{"line":31,"column":4},"end":{"line":33,"column":5}},"type":"if","locations":[{"start":{"line":31,"column":4},"end":{"line":33,"column":5}},{"start":{},"end":{}}],"line":31},"1":{"loc":{"start":{"line":46,"column":4},"end":{"line":46,"column":39}},"type":"if","locations":[{"start":{"line":46,"column":4},"end":{"line":46,"column":39}},{"start":{},"end":{}}],"line":46},"2":{"loc":{"start":{"line":56,"column":4},"end":{"line":56,"column":39}},"type":"if","locations":[{"start":{"line":56,"column":4},"end":{"line":56,"column":39}},{"start":{},"end":{}}],"line":56},"3":{"loc":{"start":{"line":85,"column":0},"end":{"line":87,"column":1}},"type":"if","locations":[{"start":{"line":85,"column":0},"end":{"line":87,"column":1}},{"start":{},"end":{}}],"line":85}},"s":{"0":0,"1":0,"2":0,"3":0,"4":0,"5":0,"6":0,"7":0,"8":0,"9":0,"10":0,"11":0,"12":0,"13":0,"14":0,"15":0,"16":0,"17":0,"18":0,"19":0,"20":0,"21":0,"22":0},"f":{"0":0,"1":0,"2":0,"3":0,"4":0,"5":0,"6":0,"7":0,"8":0},"b":{"0":[0,0],"1":[0,0],"2":[0,0],"3":[0,0]}}
}
