TN:
SF:src\services\commandParser.js
FN:1,parseCommand
FNF:1
FNH:1
FNDA:42,parseCommand
DA:2,42
DA:4,42
DA:6,5
DA:13,5
DA:20,5
DA:27,5
DA:34,5
DA:41,5
DA:48,5
DA:55,2
DA:63,5
LF:11
LH:11
BRDA:4,0,0,5
BRDA:4,0,1,5
BRDA:4,0,2,5
BRDA:4,0,3,5
BRDA:4,0,4,5
BRDA:4,0,5,5
BRDA:4,0,6,5
BRDA:4,0,7,2
BRDA:4,0,8,5
BRF:9
BRH:9
end_of_record
TN:
SF:src\shared\eventBus.js
FN:20,(anonymous_0)
FN:30,(anonymous_1)
FN:37,(anonymous_2)
FN:45,(anonymous_3)
FN:47,(anonymous_4)
FN:55,(anonymous_5)
FN:61,(anonymous_6)
FN:75,(anonymous_7)
FN:76,(anonymous_8)
FNF:9
FNH:0
FNDA:0,(anonymous_0)
FNDA:0,(anonymous_1)
FNDA:0,(anonymous_2)
FNDA:0,(anonymous_3)
FNDA:0,(anonymous_4)
FNDA:0,(anonymous_5)
FNDA:0,(anonymous_6)
FNDA:0,(anonymous_7)
FNDA:0,(anonymous_8)
DA:21,0
DA:31,0
DA:32,0
DA:34,0
DA:37,0
DA:46,0
DA:47,0
DA:56,0
DA:59,0
DA:61,0
DA:62,0
DA:63,0
DA:65,0
DA:76,0
DA:77,0
DA:78,0
DA:80,0
DA:85,0
DA:86,0
LF:19
LH:0
BRDA:31,0,0,0
BRDA:31,0,1,0
BRDA:46,1,0,0
BRDA:46,1,1,0
BRDA:56,2,0,0
BRDA:56,2,1,0
BRDA:85,3,0,0
BRDA:85,3,1,0
BRF:8
BRH:0
end_of_record
